Build started 7/16/2015 11:03:02 AM.
     1>Project "G:\CastleDefense\AIE Template.vcxproj" on node 2 (Build target(s)).
     1>ClCompile:
         C:\Dev Tools\Microsoft Visual Studio 2013\VC\bin\CL.exe /c /I./ /I./include/ /Zi /nologo /W3 /WX- /O2 /Oi /Oy- /D WIN32 /D NDEBUG /D _WINDOWS /D _MBCS /Gm- /EHsc /MD /GS /Gy /fp:precise /Zc:wchar_t /Zc:forScope /Fo"obj\\" /Fd"obj\vc120.pdb" /Gd /TP /analyze- /errorReport:prompt source\Projectile.cpp
         Projectile.cpp
     1>source\Projectile.cpp(83): warning C4244: '=' : conversion from 'int' to 'float', possible loss of data
     1>source\Projectile.cpp(84): warning C4244: '=' : conversion from 'int' to 'float', possible loss of data
       Link:
         C:\Dev Tools\Microsoft Visual Studio 2013\VC\bin\link.exe /ERRORREPORT:PROMPT /OUT:"bin\CastleDefense.exe" /INCREMENTAL:NO /NOLOGO /LIBPATH:./libs AIE_1st_Year_Framework.lib kernel32.lib kernel32.lib user32.lib gdi32.lib winspool.lib comdlg32.lib advapi32.lib shell32.lib ole32.lib oleaut32.lib uuid.lib odbc32.lib odbccp32.lib /MANIFEST /MANIFESTUAC:"level='asInvoker' uiAccess='false'" /manifest:embed /DEBUG /PDB:"bin\CastleDefense.pdb" /OPT:REF /OPT:ICF /TLBID:1 /DYNAMICBASE /NXCOMPAT /IMPLIB:"bin\CastleDefense.lib" /MACHINE:X86 /SAFESEH obj\Assets.obj
         obj\Castle.obj
         obj\Enemy.obj
         obj\Entity.obj
         obj\Player.obj
         obj\main.obj
         obj\Projectile.obj
         obj\ScoreData.obj
         obj\sqlite3.obj
         AIE_1st_Year_Framework.lib(AIE.obj) : MSIL .netmodule or module compiled with /GL found; restarting link with /LTCG; add /LTCG to the link command line to improve linker performance
     1>LINK : warning LNK4098: defaultlib 'LIBCMT' conflicts with use of other libs; use /NODEFAULTLIB:library
         Generating code
         Finished generating code
     1>AIE_1st_Year_Framework.lib(AIE.obj) : warning LNK4099: PDB 'vc120.pdb' was not found with 'AIE_1st_Year_Framework.lib(AIE.obj)' or at 'G:\CastleDefense\bin\vc120.pdb'; linking object as if no debug info
     1>AIE_1st_Year_Framework.lib(AIE_Framework.obj) : warning LNK4099: PDB 'vc120.pdb' was not found with 'AIE_1st_Year_Framework.lib(AIE_Framework.obj)' or at 'G:\CastleDefense\bin\vc120.pdb'; linking object as if no debug info
     1>AIE_1st_Year_Framework.lib(SpriteManager.obj) : warning LNK4099: PDB 'vc120.pdb' was not found with 'AIE_1st_Year_Framework.lib(SpriteManager.obj)' or at 'G:\CastleDefense\bin\vc120.pdb'; linking object as if no debug info
     1>AIE_1st_Year_Framework.lib(Utilities.obj) : warning LNK4099: PDB 'vc120.pdb' was not found with 'AIE_1st_Year_Framework.lib(Utilities.obj)' or at 'G:\CastleDefense\bin\vc120.pdb'; linking object as if no debug info
     1>AIE_1st_Year_Framework.lib(Gizmos.obj) : warning LNK4099: PDB 'vc120.pdb' was not found with 'AIE_1st_Year_Framework.lib(Gizmos.obj)' or at 'G:\CastleDefense\bin\vc120.pdb'; linking object as if no debug info
     1>AIE_1st_Year_Framework.lib(FontManager.obj) : warning LNK4099: PDB 'vc120.pdb' was not found with 'AIE_1st_Year_Framework.lib(FontManager.obj)' or at 'G:\CastleDefense\bin\vc120.pdb'; linking object as if no debug info
     1>AIE_1st_Year_Framework.lib(TextureManager.obj) : warning LNK4099: PDB 'vc120.pdb' was not found with 'AIE_1st_Year_Framework.lib(TextureManager.obj)' or at 'G:\CastleDefense\bin\vc120.pdb'; linking object as if no debug info
     1>AIE_1st_Year_Framework.lib(BasicSprite.obj) : warning LNK4099: PDB 'vc120.pdb' was not found with 'AIE_1st_Year_Framework.lib(BasicSprite.obj)' or at 'G:\CastleDefense\bin\vc120.pdb'; linking object as if no debug info
     1>AIE_1st_Year_Framework.lib(SOIL.obj) : warning LNK4099: PDB 'vc110.pdb' was not found with 'AIE_1st_Year_Framework.lib(SOIL.obj)' or at 'G:\CastleDefense\bin\vc110.pdb'; linking object as if no debug info
     1>AIE_1st_Year_Framework.lib(strHandler.obj) : warning LNK4099: PDB 'vc120.pdb' was not found with 'AIE_1st_Year_Framework.lib(strHandler.obj)' or at 'G:\CastleDefense\bin\vc120.pdb'; linking object as if no debug info
     1>AIE_1st_Year_Framework.lib(Font.obj) : warning LNK4099: PDB 'vc120.pdb' was not found with 'AIE_1st_Year_Framework.lib(Font.obj)' or at 'G:\CastleDefense\bin\vc120.pdb'; linking object as if no debug info
     1>AIE_1st_Year_Framework.lib(Texture.obj) : warning LNK4099: PDB 'vc120.pdb' was not found with 'AIE_1st_Year_Framework.lib(Texture.obj)' or at 'G:\CastleDefense\bin\vc120.pdb'; linking object as if no debug info
     1>AIE_1st_Year_Framework.lib(stb_image_aug.obj) : warning LNK4099: PDB 'vc110.pdb' was not found with 'AIE_1st_Year_Framework.lib(stb_image_aug.obj)' or at 'G:\CastleDefense\bin\vc110.pdb'; linking object as if no debug info
     1>AIE_1st_Year_Framework.lib(image_helper.obj) : warning LNK4099: PDB 'vc110.pdb' was not found with 'AIE_1st_Year_Framework.lib(image_helper.obj)' or at 'G:\CastleDefense\bin\vc110.pdb'; linking object as if no debug info
     1>AIE_1st_Year_Framework.lib(image_DXT.obj) : warning LNK4099: PDB 'vc110.pdb' was not found with 'AIE_1st_Year_Framework.lib(image_DXT.obj)' or at 'G:\CastleDefense\bin\vc110.pdb'; linking object as if no debug info
     1>AIE_1st_Year_Framework.lib(tinystr.obj) : warning LNK4099: PDB 'vc120.pdb' was not found with 'AIE_1st_Year_Framework.lib(tinystr.obj)' or at 'G:\CastleDefense\bin\vc120.pdb'; linking object as if no debug info
     1>AIE_1st_Year_Framework.lib(tinyxmlHelper.obj) : warning LNK4099: PDB 'vc120.pdb' was not found with 'AIE_1st_Year_Framework.lib(tinyxmlHelper.obj)' or at 'G:\CastleDefense\bin\vc120.pdb'; linking object as if no debug info
     1>AIE_1st_Year_Framework.lib(tinyxml.obj) : warning LNK4099: PDB 'vc120.pdb' was not found with 'AIE_1st_Year_Framework.lib(tinyxml.obj)' or at 'G:\CastleDefense\bin\vc120.pdb'; linking object as if no debug info
     1>AIE_1st_Year_Framework.lib(tinyxmlparser.obj) : warning LNK4099: PDB 'vc120.pdb' was not found with 'AIE_1st_Year_Framework.lib(tinyxmlparser.obj)' or at 'G:\CastleDefense\bin\vc120.pdb'; linking object as if no debug info
     1>AIE_1st_Year_Framework.lib(tinyxmlerror.obj) : warning LNK4099: PDB 'vc120.pdb' was not found with 'AIE_1st_Year_Framework.lib(tinyxmlerror.obj)' or at 'G:\CastleDefense\bin\vc120.pdb'; linking object as if no debug info
     1>AIE_1st_Year_Framework.lib(glew.obj) : warning LNK4099: PDB 'vc100.pdb' was not found with 'AIE_1st_Year_Framework.lib(glew.obj)' or at 'G:\CastleDefense\bin\vc100.pdb'; linking object as if no debug info
         AIE Template.vcxproj -> G:\CastleDefense\bin\CastleDefense.exe
     1>Done Building Project "G:\CastleDefense\AIE Template.vcxproj" (Build target(s)).

Build succeeded.

Time Elapsed 00:00:18.37
